<?xml version="1.0" encoding="UTF-8"?>
<testsuite xmlns:xsi="http://www.w3.org/2001/XMLSchema-instance" xsi:noNamespaceSchemaLocation="https://maven.apache.org/surefire/maven-surefire-plugin/xsd/surefire-test-report.xsd" name="tec.bd.weather.WeatherServiceImplTest" time="0.166" tests="1" errors="0" skipped="0" failures="0">
  <properties>
[...]
</properties>
  <testcase name="GivenACity_WhenValidCity_ThenReturnTemperature" classname="tec.bd.weather.WeatherServiceImplTest" time="0.146"/>
</testsuite>