<?xml version="1.0" encoding="UTF-8"?>
<testsuite xmlns:xsi="http://www.w3.org/2001/XMLSchema-instance" xsi:noNamespaceSchemaLocation="https://maven.apache.org/surefire/maven-surefire-plugin/xsd/surefire-test-report.xsd" name="tec.bd.weather.service.WeatherServiceImplTest" time="0.747" tests="6" errors="0" skipped="0" failures="0">
  <properties>
[...]
</properties>
  <testcase name="GivenAValidForecast_WhenCreateNewForecast_ThenForecastIsCreated" classname="tec.bd.weather.service.WeatherServiceImplTest" time="0.689"/>
  <testcase name="GivenACity_WhenCityIsNotSupported_ThenException" classname="tec.bd.weather.service.WeatherServiceImplTest" time="0.002"/>
  <testcase name="GivenAInvalidForecast_WhenCreateNewForecast_ThenServiceException" classname="tec.bd.weather.service.WeatherServiceImplTest" time="0.001"/>
  <testcase name="GivenExistingForecast_WhenCreateNewForecast_ThenServiceException" classname="tec.bd.weather.service.WeatherServiceImplTest" time="0.002"/>
  <testcase name="GivenValidForecast_WhenUpdatingTemperature_ThenNewTemperature" classname="tec.bd.weather.service.WeatherServiceImplTest" time="0.011"/>
  <testcase name="GivenACity_WhenCityIsSupported_ThenReturnTemperature" classname="tec.bd.weather.service.WeatherServiceImplTest" time="0.035"/>
</testsuite>